<?xml version="1.0" encoding="UTF-8"?>
<!-- Generated by org.testng.reporters.JUnitReportReporter -->
<testsuite hostname="SSL-SQA-Tahamidul" failures="0" tests="2" name="tests.TC08_WorkPlan" time="51.417" errors="2" timestamp="2026-04-30T09:34:51 BDT" skipped="0">
  <testcase classname="tests.TC08_WorkPlan" name="WorkPlan" time="30.449">
    <error message="&#039;POST /elements&#039; cannot be proxied to UiAutomator2 server because the instrumentation process is not running (probably crashed). Check the server log and/or the logcat output for more details
Build info: version: &#039;4.43.0&#039;, revision: &#039;dd0f534&#039;
System info: os.name: &#039;Windows 11&#039;, os.arch: &#039;amd64&#039;, os.version: &#039;10.0&#039;, java.version: &#039;21.0.10&#039;
Driver info: io.appium.java_client.android.AndroidDriver
Command: [34bca9e7-979e-4638-82f1-512d2e551fa7, findElements {using=xpath, value=//android.widget.ScrollView/android.view.View[1]/android.view.View[8]/android.widget.EditText}]
Capabilities {appium:app: D:\Hercules - easySR\App Au..., appium:appActivity: com.sslwireless.dsas.ui.spl..., appium:appPackage: com.sslwireless.dsas, appium:autoGrantPermissions: true, appium:automationName: UiAutomator2, appium:databaseEnabled: false, appium:desired: {app: D:\Hercules - easySR\App Au..., autoGrantPermissions: true, automationName: UiAutomator2, deviceName: SM_A266B, newCommandTimeout: 300, platformName: ANDROID, udid: R5CY542ZHDE}, appium:deviceApiLevel: 36, appium:deviceManufacturer: samsung, appium:deviceModel: SM-A266B, appium:deviceName: R5CY542ZHDE, appium:deviceScreenDensity: 450, appium:deviceScreenSize: 1080x2340, appium:deviceUDID: R5CY542ZHDE, appium:javascriptEnabled: true, appium:locationContextEnabled: false, appium:networkConnectionEnabled: true, appium:newCommandTimeout: 300, appium:pixelRatio: 2.8125, appium:platformVersion: 16, appium:statBarHeight: 96, appium:takesScreenshot: true, appium:udid: R5CY542ZHDE, appium:viewportRect: {height: 2244, left: 0, top: 96, width: 1080}, appium:warnings: {}, appium:webStorageEnabled: false, platformName: ANDROID}
Session ID: 34bca9e7-979e-4638-82f1-512d2e551fa7" type="org.openqa.selenium.WebDriverException">
      <![CDATA[org.openqa.selenium.WebDriverException: 'POST /elements' cannot be proxied to UiAutomator2 server because the instrumentation process is not running (probably crashed). Check the server log and/or the logcat output for more details
Build info: version: '4.43.0', revision: 'dd0f534'
System info: os.name: 'Windows 11', os.arch: 'amd64', os.version: '10.0', java.version: '21.0.10'
Driver info: io.appium.java_client.android.AndroidDriver
Command: [34bca9e7-979e-4638-82f1-512d2e551fa7, findElements {using=xpath, value=//android.widget.ScrollView/android.view.View[1]/android.view.View[8]/android.widget.EditText}]
Capabilities {appium:app: D:\Hercules - easySR\App Au..., appium:appActivity: com.sslwireless.dsas.ui.spl..., appium:appPackage: com.sslwireless.dsas, appium:autoGrantPermissions: true, appium:automationName: UiAutomator2, appium:databaseEnabled: false, appium:desired: {app: D:\Hercules - easySR\App Au..., autoGrantPermissions: true, automationName: UiAutomator2, deviceName: SM_A266B, newCommandTimeout: 300, platformName: ANDROID, udid: R5CY542ZHDE}, appium:deviceApiLevel: 36, appium:deviceManufacturer: samsung, appium:deviceModel: SM-A266B, appium:deviceName: R5CY542ZHDE, appium:deviceScreenDensity: 450, appium:deviceScreenSize: 1080x2340, appium:deviceUDID: R5CY542ZHDE, appium:javascriptEnabled: true, appium:locationContextEnabled: false, appium:networkConnectionEnabled: true, appium:newCommandTimeout: 300, appium:pixelRatio: 2.8125, appium:platformVersion: 16, appium:statBarHeight: 96, appium:takesScreenshot: true, appium:udid: R5CY542ZHDE, appium:viewportRect: {height: 2244, left: 0, top: 96, width: 1080}, appium:warnings: {}, appium:webStorageEnabled: false, platformName: ANDROID}
Session ID: 34bca9e7-979e-4638-82f1-512d2e551fa7
at org.openqa.selenium.remote.ErrorCodec.decode(ErrorCodec.java:169)
at org.openqa.selenium.remote.codec.w3c.W3CHttpResponseCodec.decode(W3CHttpResponseCodec.java:142)
at org.openqa.selenium.remote.codec.w3c.W3CHttpResponseCodec.decode(W3CHttpResponseCodec.java:49)
at org.openqa.selenium.remote.HttpCommandExecutor.execute(HttpCommandExecutor.java:223)
at io.appium.java_client.remote.AppiumCommandExecutor.execute(AppiumCommandExecutor.java:243)
at org.openqa.selenium.remote.RemoteWebDriver.execute(RemoteWebDriver.java:606)
at org.openqa.selenium.remote.ElementLocation$ElementFinder$2.findElements(ElementLocation.java:183)
at org.openqa.selenium.remote.ElementLocation.findElements(ElementLocation.java:104)
at org.openqa.selenium.remote.RemoteWebDriver.findElements(RemoteWebDriver.java:442)
at org.openqa.selenium.remote.RemoteWebDriver.findElements(RemoteWebDriver.java:436)
at utils.AndroidActions.scrollToEndPointByIndex(AndroidActions.java:62)
at pages.WorkPlanPage.enterEndPointMorning(WorkPlanPage.java:167)
at tests.TC08_WorkPlan.WorkPlan(TC08_WorkPlan.java:51)
at java.base/jdk.internal.reflect.DirectMethodHandleAccessor.invoke(DirectMethodHandleAccessor.java:103)
at java.base/java.lang.reflect.Method.invoke(Method.java:580)
at org.testng.internal.invokers.MethodInvocationHelper.invokeMethod(MethodInvocationHelper.java:141)
at org.testng.internal.invokers.TestInvoker.invokeMethod(TestInvoker.java:687)
at org.testng.internal.invokers.TestInvoker.invokeTestMethod(TestInvoker.java:230)
at org.testng.internal.invokers.MethodRunner.runInSequence(MethodRunner.java:63)
at org.testng.internal.invokers.TestInvoker$MethodInvocationAgent.invoke(TestInvoker.java:995)
at org.testng.internal.invokers.TestInvoker.invokeTestMethods(TestInvoker.java:203)
at org.testng.internal.invokers.TestMethodWorker.invokeTestMethods(TestMethodWorker.java:154)
at org.testng.internal.invokers.TestMethodWorker.run(TestMethodWorker.java:134)
at java.base/java.util.ArrayList.forEach(ArrayList.java:1596)
at org.testng.TestRunner.privateRun(TestRunner.java:741)
at org.testng.TestRunner.run(TestRunner.java:616)
at org.testng.SuiteRunner.runTest(SuiteRunner.java:421)
at org.testng.SuiteRunner.runSequentially(SuiteRunner.java:413)
at org.testng.SuiteRunner.privateRun(SuiteRunner.java:373)
at org.testng.SuiteRunner.run(SuiteRunner.java:312)
at org.testng.SuiteRunnerWorker.runSuite(SuiteRunnerWorker.java:52)
at org.testng.SuiteRunnerWorker.run(SuiteRunnerWorker.java:95)
at org.testng.TestNG.runSuitesSequentially(TestNG.java:1274)
at org.testng.TestNG.runSuitesLocally(TestNG.java:1208)
at org.testng.TestNG.runSuites(TestNG.java:1112)
at org.testng.TestNG.run(TestNG.java:1079)
at org.testng.remote.AbstractRemoteTestNG.run(AbstractRemoteTestNG.java:115)
at org.testng.remote.RemoteTestNG.initAndRun(RemoteTestNG.java:293)
at org.testng.remote.RemoteTestNG.main(RemoteTestNG.java:91)
]]>
    </error>
  </testcase> <!-- WorkPlan -->
  <testcase classname="tests.TC08_WorkPlan" name="tearDown" time="20.968">
    <error message="Error executing adbExec. Original error: &#039;Command &#039;&#039;C:\Users\tahamidul.haque\AppData\Local\Android\Sdk\platform-tools\adb.exe&#039; -P 5037 -s R5CY542ZHDE shell &#039;settings delete global hidden_api_policy_pre_p_apps;settings delete global hidden_api_policy_p_apps;settings delete global hidden_api_policy&#039;&#039; exited with code 1&#039;; Command output: adb.exe: device &#039;R5CY542ZHDE&#039; not found

Build info: version: &#039;4.43.0&#039;, revision: &#039;dd0f534&#039;
System info: os.name: &#039;Windows 11&#039;, os.arch: &#039;amd64&#039;, os.version: &#039;10.0&#039;, java.version: &#039;21.0.10&#039;
Driver info: io.appium.java_client.android.AndroidDriver
Command: [34bca9e7-979e-4638-82f1-512d2e551fa7, quit {}]
Capabilities {appium:app: D:\Hercules - easySR\App Au..., appium:appActivity: com.sslwireless.dsas.ui.spl..., appium:appPackage: com.sslwireless.dsas, appium:autoGrantPermissions: true, appium:automationName: UiAutomator2, appium:databaseEnabled: false, appium:desired: {app: D:\Hercules - easySR\App Au..., autoGrantPermissions: true, automationName: UiAutomator2, deviceName: SM_A266B, newCommandTimeout: 300, platformName: ANDROID, udid: R5CY542ZHDE}, appium:deviceApiLevel: 36, appium:deviceManufacturer: samsung, appium:deviceModel: SM-A266B, appium:deviceName: R5CY542ZHDE, appium:deviceScreenDensity: 450, appium:deviceScreenSize: 1080x2340, appium:deviceUDID: R5CY542ZHDE, appium:javascriptEnabled: true, appium:locationContextEnabled: false, appium:networkConnectionEnabled: true, appium:newCommandTimeout: 300, appium:pixelRatio: 2.8125, appium:platformVersion: 16, appium:statBarHeight: 96, appium:takesScreenshot: true, appium:udid: R5CY542ZHDE, appium:viewportRect: {height: 2244, left: 0, top: 96, width: 1080}, appium:warnings: {}, appium:webStorageEnabled: false, platformName: ANDROID}
Session ID: 34bca9e7-979e-4638-82f1-512d2e551fa7" type="org.openqa.selenium.WebDriverException">
      <![CDATA[org.openqa.selenium.WebDriverException: Error executing adbExec. Original error: 'Command ''C:\Users\tahamidul.haque\AppData\Local\Android\Sdk\platform-tools\adb.exe' -P 5037 -s R5CY542ZHDE shell 'settings delete global hidden_api_policy_pre_p_apps;settings delete global hidden_api_policy_p_apps;settings delete global hidden_api_policy'' exited with code 1'; Command output: adb.exe: device 'R5CY542ZHDE' not found

Build info: version: '4.43.0', revision: 'dd0f534'
System info: os.name: 'Windows 11', os.arch: 'amd64', os.version: '10.0', java.version: '21.0.10'
Driver info: io.appium.java_client.android.AndroidDriver
Command: [34bca9e7-979e-4638-82f1-512d2e551fa7, quit {}]
Capabilities {appium:app: D:\Hercules - easySR\App Au..., appium:appActivity: com.sslwireless.dsas.ui.spl..., appium:appPackage: com.sslwireless.dsas, appium:autoGrantPermissions: true, appium:automationName: UiAutomator2, appium:databaseEnabled: false, appium:desired: {app: D:\Hercules - easySR\App Au..., autoGrantPermissions: true, automationName: UiAutomator2, deviceName: SM_A266B, newCommandTimeout: 300, platformName: ANDROID, udid: R5CY542ZHDE}, appium:deviceApiLevel: 36, appium:deviceManufacturer: samsung, appium:deviceModel: SM-A266B, appium:deviceName: R5CY542ZHDE, appium:deviceScreenDensity: 450, appium:deviceScreenSize: 1080x2340, appium:deviceUDID: R5CY542ZHDE, appium:javascriptEnabled: true, appium:locationContextEnabled: false, appium:networkConnectionEnabled: true, appium:newCommandTimeout: 300, appium:pixelRatio: 2.8125, appium:platformVersion: 16, appium:statBarHeight: 96, appium:takesScreenshot: true, appium:udid: R5CY542ZHDE, appium:viewportRect: {height: 2244, left: 0, top: 96, width: 1080}, appium:warnings: {}, appium:webStorageEnabled: false, platformName: ANDROID}
Session ID: 34bca9e7-979e-4638-82f1-512d2e551fa7
at org.openqa.selenium.remote.ErrorCodec.decode(ErrorCodec.java:169)
at org.openqa.selenium.remote.codec.w3c.W3CHttpResponseCodec.decode(W3CHttpResponseCodec.java:142)
at org.openqa.selenium.remote.codec.w3c.W3CHttpResponseCodec.decode(W3CHttpResponseCodec.java:49)
at org.openqa.selenium.remote.HttpCommandExecutor.execute(HttpCommandExecutor.java:223)
at io.appium.java_client.remote.AppiumCommandExecutor.execute(AppiumCommandExecutor.java:243)
at org.openqa.selenium.remote.RemoteWebDriver.execute(RemoteWebDriver.java:606)
at org.openqa.selenium.remote.RemoteWebDriver.execute(RemoteWebDriver.java:688)
at io.appium.java_client.AppiumDriver.execute(AppiumDriver.java:230)
at org.openqa.selenium.remote.RemoteWebDriver.quit(RemoteWebDriver.java:507)
at base.AndroidBase.tearDown(AndroidBase.java:79)
at java.base/jdk.internal.reflect.DirectMethodHandleAccessor.invoke(DirectMethodHandleAccessor.java:103)
at java.base/java.lang.reflect.Method.invoke(Method.java:580)
at org.testng.internal.invokers.MethodInvocationHelper.invokeMethod(MethodInvocationHelper.java:141)
at org.testng.internal.invokers.MethodInvocationHelper.invokeMethodConsideringTimeout(MethodInvocationHelper.java:71)
at org.testng.internal.invokers.ConfigInvoker.invokeConfigurationMethod(ConfigInvoker.java:400)
at org.testng.internal.invokers.ConfigInvoker.invokeConfigurations(ConfigInvoker.java:333)
at org.testng.internal.invokers.TestMethodWorker.invokeAfterClassConfigurations(TestMethodWorker.java:238)
at org.testng.internal.invokers.TestMethodWorker.invokeAfterClassMethods(TestMethodWorker.java:223)
at org.testng.internal.invokers.TestMethodWorker.run(TestMethodWorker.java:137)
at java.base/java.util.ArrayList.forEach(ArrayList.java:1596)
at org.testng.TestRunner.privateRun(TestRunner.java:741)
at org.testng.TestRunner.run(TestRunner.java:616)
at org.testng.SuiteRunner.runTest(SuiteRunner.java:421)
at org.testng.SuiteRunner.runSequentially(SuiteRunner.java:413)
at org.testng.SuiteRunner.privateRun(SuiteRunner.java:373)
at org.testng.SuiteRunner.run(SuiteRunner.java:312)
at org.testng.SuiteRunnerWorker.runSuite(SuiteRunnerWorker.java:52)
at org.testng.SuiteRunnerWorker.run(SuiteRunnerWorker.java:95)
at org.testng.TestNG.runSuitesSequentially(TestNG.java:1274)
at org.testng.TestNG.runSuitesLocally(TestNG.java:1208)
at org.testng.TestNG.runSuites(TestNG.java:1112)
at org.testng.TestNG.run(TestNG.java:1079)
at org.testng.remote.AbstractRemoteTestNG.run(AbstractRemoteTestNG.java:115)
at org.testng.remote.RemoteTestNG.initAndRun(RemoteTestNG.java:293)
at org.testng.remote.RemoteTestNG.main(RemoteTestNG.java:91)
]]>
    </error>
  </testcase> <!-- tearDown -->
</testsuite> <!-- tests.TC08_WorkPlan -->
