<?xml version="1.0" encoding="UTF-8"?>
<!-- Generated by org.testng.reporters.JUnitReportReporter -->
<testsuite hostname="tahmid_anon" failures="0" tests="2" name="tests.TC03_Order_CashandCreditProductsTest" time="62.428" errors="2" timestamp="2026-05-16T00:55:50 GMT+06:00" skipped="0">
  <testcase classname="tests.TC03_Order_CashandCreditProductsTest" name="Order" time="0.089">
    <error message="An unknown server-side error occurred while processing the command. Original error: &#039;POST /element&#039; cannot be proxied to UiAutomator2 server because the instrumentation process is not running (probably crashed). Check the server log and/or the logcat output for more details
Build info: version: &#039;4.44.0&#039;, revision: &#039;da2039b&#039;
System info: os.name: &#039;Windows 11&#039;, os.arch: &#039;amd64&#039;, os.version: &#039;10.0&#039;, java.version: &#039;23.0.1&#039;
Driver info: io.appium.java_client.android.AndroidDriver
Command: [fee62505-acf6-4d54-b864-ee768413ffb2, findElement {value=//android.widget.ScrollView/android.widget.EditText[1], using=xpath}]
Capabilities {appium:app: E:\All Activities-Documents..., appium:appActivity: com.sslwireless.dsas.ui.spl..., appium:appPackage: com.sslwireless.dsas, appium:autoGrantPermissions: true, appium:automationName: UiAutomator2, appium:databaseEnabled: false, appium:desired: {app: E:\All Activities-Documents..., autoGrantPermissions: true, automationName: UiAutomator2, deviceName: SM_A266B, newCommandTimeout: 300, platformName: ANDROID, udid: R5CY542ZHDE}, appium:deviceApiLevel: 36, appium:deviceManufacturer: samsung, appium:deviceModel: SM-A266B, appium:deviceName: R5CY542ZHDE, appium:deviceScreenDensity: 450, appium:deviceScreenSize: 1080x2340, appium:deviceUDID: R5CY542ZHDE, appium:javascriptEnabled: true, appium:locationContextEnabled: false, appium:networkConnectionEnabled: true, appium:newCommandTimeout: 300, appium:pixelRatio: 2.8125, appium:platformVersion: 16, appium:statBarHeight: 96, appium:takesScreenshot: true, appium:udid: R5CY542ZHDE, appium:viewportRect: {height: 2244, left: 0, top: 96, width: 1080}, appium:warnings: {}, appium:webStorageEnabled: false, platformName: ANDROID}
Session ID: fee62505-acf6-4d54-b864-ee768413ffb2" type="org.openqa.selenium.WebDriverException">
      <![CDATA[org.openqa.selenium.WebDriverException: An unknown server-side error occurred while processing the command. Original error: 'POST /element' cannot be proxied to UiAutomator2 server because the instrumentation process is not running (probably crashed). Check the server log and/or the logcat output for more details
Build info: version: '4.44.0', revision: 'da2039b'
System info: os.name: 'Windows 11', os.arch: 'amd64', os.version: '10.0', java.version: '23.0.1'
Driver info: io.appium.java_client.android.AndroidDriver
Command: [fee62505-acf6-4d54-b864-ee768413ffb2, findElement {value=//android.widget.ScrollView/android.widget.EditText[1], using=xpath}]
Capabilities {appium:app: E:\All Activities-Documents..., appium:appActivity: com.sslwireless.dsas.ui.spl..., appium:appPackage: com.sslwireless.dsas, appium:autoGrantPermissions: true, appium:automationName: UiAutomator2, appium:databaseEnabled: false, appium:desired: {app: E:\All Activities-Documents..., autoGrantPermissions: true, automationName: UiAutomator2, deviceName: SM_A266B, newCommandTimeout: 300, platformName: ANDROID, udid: R5CY542ZHDE}, appium:deviceApiLevel: 36, appium:deviceManufacturer: samsung, appium:deviceModel: SM-A266B, appium:deviceName: R5CY542ZHDE, appium:deviceScreenDensity: 450, appium:deviceScreenSize: 1080x2340, appium:deviceUDID: R5CY542ZHDE, appium:javascriptEnabled: true, appium:locationContextEnabled: false, appium:networkConnectionEnabled: true, appium:newCommandTimeout: 300, appium:pixelRatio: 2.8125, appium:platformVersion: 16, appium:statBarHeight: 96, appium:takesScreenshot: true, appium:udid: R5CY542ZHDE, appium:viewportRect: {height: 2244, left: 0, top: 96, width: 1080}, appium:warnings: {}, appium:webStorageEnabled: false, platformName: ANDROID}
Session ID: fee62505-acf6-4d54-b864-ee768413ffb2
at org.openqa.selenium.remote.ErrorCodec.decode(ErrorCodec.java:169)
at org.openqa.selenium.remote.codec.w3c.W3CHttpResponseCodec.decode(W3CHttpResponseCodec.java:143)
at org.openqa.selenium.remote.codec.w3c.W3CHttpResponseCodec.decode(W3CHttpResponseCodec.java:50)
at org.openqa.selenium.remote.HttpCommandExecutor.execute(HttpCommandExecutor.java:224)
at io.appium.java_client.remote.AppiumCommandExecutor.execute(AppiumCommandExecutor.java:243)
at org.openqa.selenium.remote.RemoteWebDriver.execute(RemoteWebDriver.java:600)
at org.openqa.selenium.remote.ElementLocation$ElementFinder$2.findElement(ElementLocation.java:173)
at org.openqa.selenium.remote.ElementLocation.findElement(ElementLocation.java:60)
at org.openqa.selenium.remote.RemoteWebDriver.findElement(RemoteWebDriver.java:421)
at org.openqa.selenium.remote.RemoteWebDriver.findElement(RemoteWebDriver.java:415)
at io.appium.java_client.pagefactory.bys.builder.ByChained.lambda$getSearchingFunction$0(ByChained.java:41)
at org.openqa.selenium.support.ui.FluentWait.until(FluentWait.java:210)
at io.appium.java_client.pagefactory.bys.builder.ByChained.findElement(ByChained.java:72)
at org.openqa.selenium.remote.ElementLocation$ElementFinder$1.findElement(ElementLocation.java:140)
at org.openqa.selenium.remote.ElementLocation.findElement(ElementLocation.java:60)
at org.openqa.selenium.remote.RemoteWebDriver.findElement(RemoteWebDriver.java:421)
at org.openqa.selenium.remote.RemoteWebDriver.findElement(RemoteWebDriver.java:415)
at io.appium.java_client.pagefactory.bys.ContentMappedBy.findElement(ContentMappedBy.java:54)
at org.openqa.selenium.remote.ElementLocation$ElementFinder$1.findElement(ElementLocation.java:140)
at org.openqa.selenium.remote.ElementLocation.findElement(ElementLocation.java:60)
at org.openqa.selenium.remote.RemoteWebDriver.findElement(RemoteWebDriver.java:421)
at org.openqa.selenium.remote.RemoteWebDriver.findElement(RemoteWebDriver.java:415)
at io.appium.java_client.pagefactory.AppiumElementLocator.lambda$findElement$1(AppiumElementLocator.java:160)
at io.appium.java_client.pagefactory.AppiumElementLocator$WaitingFunction.apply(AppiumElementLocator.java:217)
at io.appium.java_client.pagefactory.AppiumElementLocator$WaitingFunction.apply(AppiumElementLocator.java:210)
at org.openqa.selenium.support.ui.FluentWait.until(FluentWait.java:210)
at io.appium.java_client.pagefactory.AppiumElementLocator.waitFor(AppiumElementLocator.java:135)
at io.appium.java_client.pagefactory.AppiumElementLocator.findElement(AppiumElementLocator.java:160)
at io.appium.java_client.pagefactory.interceptors.InterceptorOfASingleElement.call(InterceptorOfASingleElement.java:74)
at io.appium.java_client.proxy.Interceptor.intercept(Interceptor.java:78)
at org.openqa.selenium.remote.RemoteWebElement$ByteBuddy$P7iPubQt.clear(Unknown Source)
at pages.LoginPage.setuserID(LoginPage.java:41)
at tests.TC03_Order_CashandCreditProductsTest.Order(TC03_Order_CashandCreditProductsTest.java:23)
at java.base/jdk.internal.reflect.DirectMethodHandleAccessor.invoke(DirectMethodHandleAccessor.java:103)
at java.base/java.lang.reflect.Method.invoke(Method.java:580)
at org.testng.internal.MethodInvocationHelper.invokeMethod(MethodInvocationHelper.java:133)
at org.testng.internal.TestInvoker.invokeMethod(TestInvoker.java:598)
at org.testng.internal.TestInvoker.invokeTestMethod(TestInvoker.java:173)
at org.testng.internal.MethodRunner.runInSequence(MethodRunner.java:46)
at org.testng.internal.TestInvoker$MethodInvocationAgent.invoke(TestInvoker.java:824)
at org.testng.internal.TestInvoker.invokeTestMethods(TestInvoker.java:146)
at org.testng.internal.TestMethodWorker.invokeTestMethods(TestMethodWorker.java:146)
at org.testng.internal.TestMethodWorker.run(TestMethodWorker.java:128)
at java.base/java.util.ArrayList.forEach(ArrayList.java:1597)
at org.testng.TestRunner.privateRun(TestRunner.java:794)
at org.testng.TestRunner.run(TestRunner.java:596)
at org.testng.SuiteRunner.runTest(SuiteRunner.java:377)
at org.testng.SuiteRunner.runSequentially(SuiteRunner.java:371)
at org.testng.SuiteRunner.privateRun(SuiteRunner.java:332)
at org.testng.SuiteRunner.run(SuiteRunner.java:276)
at org.testng.SuiteRunnerWorker.runSuite(SuiteRunnerWorker.java:53)
at org.testng.SuiteRunnerWorker.run(SuiteRunnerWorker.java:96)
at org.testng.TestNG.runSuitesSequentially(TestNG.java:1212)
at org.testng.TestNG.runSuitesLocally(TestNG.java:1134)
at org.testng.TestNG.runSuites(TestNG.java:1063)
at org.testng.TestNG.run(TestNG.java:1031)
at org.testng.remote.AbstractRemoteTestNG.run(AbstractRemoteTestNG.java:115)
at org.testng.remote.RemoteTestNG.initAndRun(RemoteTestNG.java:293)
at org.testng.remote.RemoteTestNG.main(RemoteTestNG.java:91)
]]>
    </error>
  </testcase> <!-- Order -->
  <system-out/>
  <testcase classname="tests.TC03_Order_CashandCreditProductsTest" name="Order" time="62.339">
    <error message="An unknown server-side error occurred while processing the command. Original error: &#039;POST /elements&#039; cannot be proxied to UiAutomator2 server because the instrumentation process is not running (probably crashed). Check the server log and/or the logcat output for more details
Build info: version: &#039;4.44.0&#039;, revision: &#039;da2039b&#039;
System info: os.name: &#039;Windows 11&#039;, os.arch: &#039;amd64&#039;, os.version: &#039;10.0&#039;, java.version: &#039;23.0.1&#039;
Driver info: io.appium.java_client.android.AndroidDriver
Command: [fee62505-acf6-4d54-b864-ee768413ffb2, findElements {value=//android.widget.TextView[@text=&#039;Add Date&#039;], using=xpath}]
Capabilities {appium:app: E:\All Activities-Documents..., appium:appActivity: com.sslwireless.dsas.ui.spl..., appium:appPackage: com.sslwireless.dsas, appium:autoGrantPermissions: true, appium:automationName: UiAutomator2, appium:databaseEnabled: false, appium:desired: {app: E:\All Activities-Documents..., autoGrantPermissions: true, automationName: UiAutomator2, deviceName: SM_A266B, newCommandTimeout: 300, platformName: ANDROID, udid: R5CY542ZHDE}, appium:deviceApiLevel: 36, appium:deviceManufacturer: samsung, appium:deviceModel: SM-A266B, appium:deviceName: R5CY542ZHDE, appium:deviceScreenDensity: 450, appium:deviceScreenSize: 1080x2340, appium:deviceUDID: R5CY542ZHDE, appium:javascriptEnabled: true, appium:locationContextEnabled: false, appium:networkConnectionEnabled: true, appium:newCommandTimeout: 300, appium:pixelRatio: 2.8125, appium:platformVersion: 16, appium:statBarHeight: 96, appium:takesScreenshot: true, appium:udid: R5CY542ZHDE, appium:viewportRect: {height: 2244, left: 0, top: 96, width: 1080}, appium:warnings: {}, appium:webStorageEnabled: false, platformName: ANDROID}
Session ID: fee62505-acf6-4d54-b864-ee768413ffb2" type="org.openqa.selenium.WebDriverException">
      <![CDATA[org.openqa.selenium.WebDriverException: An unknown server-side error occurred while processing the command. Original error: 'POST /elements' cannot be proxied to UiAutomator2 server because the instrumentation process is not running (probably crashed). Check the server log and/or the logcat output for more details
Build info: version: '4.44.0', revision: 'da2039b'
System info: os.name: 'Windows 11', os.arch: 'amd64', os.version: '10.0', java.version: '23.0.1'
Driver info: io.appium.java_client.android.AndroidDriver
Command: [fee62505-acf6-4d54-b864-ee768413ffb2, findElements {value=//android.widget.TextView[@text='Add Date'], using=xpath}]
Capabilities {appium:app: E:\All Activities-Documents..., appium:appActivity: com.sslwireless.dsas.ui.spl..., appium:appPackage: com.sslwireless.dsas, appium:autoGrantPermissions: true, appium:automationName: UiAutomator2, appium:databaseEnabled: false, appium:desired: {app: E:\All Activities-Documents..., autoGrantPermissions: true, automationName: UiAutomator2, deviceName: SM_A266B, newCommandTimeout: 300, platformName: ANDROID, udid: R5CY542ZHDE}, appium:deviceApiLevel: 36, appium:deviceManufacturer: samsung, appium:deviceModel: SM-A266B, appium:deviceName: R5CY542ZHDE, appium:deviceScreenDensity: 450, appium:deviceScreenSize: 1080x2340, appium:deviceUDID: R5CY542ZHDE, appium:javascriptEnabled: true, appium:locationContextEnabled: false, appium:networkConnectionEnabled: true, appium:newCommandTimeout: 300, appium:pixelRatio: 2.8125, appium:platformVersion: 16, appium:statBarHeight: 96, appium:takesScreenshot: true, appium:udid: R5CY542ZHDE, appium:viewportRect: {height: 2244, left: 0, top: 96, width: 1080}, appium:warnings: {}, appium:webStorageEnabled: false, platformName: ANDROID}
Session ID: fee62505-acf6-4d54-b864-ee768413ffb2
at org.openqa.selenium.remote.ErrorCodec.decode(ErrorCodec.java:169)
at org.openqa.selenium.remote.codec.w3c.W3CHttpResponseCodec.decode(W3CHttpResponseCodec.java:143)
at org.openqa.selenium.remote.codec.w3c.W3CHttpResponseCodec.decode(W3CHttpResponseCodec.java:50)
at org.openqa.selenium.remote.HttpCommandExecutor.execute(HttpCommandExecutor.java:224)
at io.appium.java_client.remote.AppiumCommandExecutor.execute(AppiumCommandExecutor.java:243)
at org.openqa.selenium.remote.RemoteWebDriver.execute(RemoteWebDriver.java:600)
at org.openqa.selenium.remote.ElementLocation$ElementFinder$2.findElements(ElementLocation.java:190)
at org.openqa.selenium.remote.ElementLocation.findElements(ElementLocation.java:104)
at org.openqa.selenium.remote.RemoteWebDriver.findElements(RemoteWebDriver.java:434)
at org.openqa.selenium.remote.RemoteWebDriver.findElements(RemoteWebDriver.java:428)
at pages.OrderPage.clickAddDateForAllInvoices(OrderPage.java:196)
at tests.TC03_Order_CashandCreditProductsTest.Order(TC03_Order_CashandCreditProductsTest.java:65)
at java.base/jdk.internal.reflect.DirectMethodHandleAccessor.invoke(DirectMethodHandleAccessor.java:103)
at java.base/java.lang.reflect.Method.invoke(Method.java:580)
at org.testng.internal.MethodInvocationHelper.invokeMethod(MethodInvocationHelper.java:133)
at org.testng.internal.TestInvoker.invokeMethod(TestInvoker.java:598)
at org.testng.internal.TestInvoker.invokeTestMethod(TestInvoker.java:173)
at org.testng.internal.MethodRunner.runInSequence(MethodRunner.java:46)
at org.testng.internal.TestInvoker$MethodInvocationAgent.invoke(TestInvoker.java:824)
at org.testng.internal.TestInvoker.invokeTestMethods(TestInvoker.java:146)
at org.testng.internal.TestMethodWorker.invokeTestMethods(TestMethodWorker.java:146)
at org.testng.internal.TestMethodWorker.run(TestMethodWorker.java:128)
at java.base/java.util.ArrayList.forEach(ArrayList.java:1597)
at org.testng.TestRunner.privateRun(TestRunner.java:794)
at org.testng.TestRunner.run(TestRunner.java:596)
at org.testng.SuiteRunner.runTest(SuiteRunner.java:377)
at org.testng.SuiteRunner.runSequentially(SuiteRunner.java:371)
at org.testng.SuiteRunner.privateRun(SuiteRunner.java:332)
at org.testng.SuiteRunner.run(SuiteRunner.java:276)
at org.testng.SuiteRunnerWorker.runSuite(SuiteRunnerWorker.java:53)
at org.testng.SuiteRunnerWorker.run(SuiteRunnerWorker.java:96)
at org.testng.TestNG.runSuitesSequentially(TestNG.java:1212)
at org.testng.TestNG.runSuitesLocally(TestNG.java:1134)
at org.testng.TestNG.runSuites(TestNG.java:1063)
at org.testng.TestNG.run(TestNG.java:1031)
at org.testng.remote.AbstractRemoteTestNG.run(AbstractRemoteTestNG.java:115)
at org.testng.remote.RemoteTestNG.initAndRun(RemoteTestNG.java:293)
at org.testng.remote.RemoteTestNG.main(RemoteTestNG.java:91)
]]>
    </error>
  </testcase> <!-- Order -->
  <system-out/>
</testsuite> <!-- tests.TC03_Order_CashandCreditProductsTest -->
